<?xml version="1.0" encoding="UTF-8"?>
<testng-results skipped="0" failed="0" ignored="1" total="6" passed="5">
  <reporter-output>
  </reporter-output>
  <suite name="Gradle suite" duration-ms="37659" started-at="2019-05-28T20:46:22Z" finished-at="2019-05-28T20:47:00Z">
    <groups>
    </groups>
    <test name="Gradle test" duration-ms="37659" started-at="2019-05-28T20:46:22Z" finished-at="2019-05-28T20:47:00Z">
      <class name="GmailTest">
        <test-method status="PASS" signature="setUp()[pri:0, instance:GmailTest@71f81512]" name="setUp" is-config="true" duration-ms="5384" started-at="2019-05-28T20:46:22Z" finished-at="2019-05-28T20:46:28Z">
          <reporter-output>
          </reporter-output>
        </test-method> <!-- setUp -->
        <test-method status="PASS" signature="setUp()[pri:0, instance:GmailTest@71f81512]" name="setUp" is-config="true" duration-ms="6097" started-at="2019-05-28T20:46:22Z" finished-at="2019-05-28T20:46:28Z">
          <reporter-output>
          </reporter-output>
        </test-method> <!-- setUp -->
        <test-method status="PASS" signature="setUp()[pri:0, instance:GmailTest@71f81512]" name="setUp" is-config="true" duration-ms="5443" started-at="2019-05-28T20:46:22Z" finished-at="2019-05-28T20:46:28Z">
          <reporter-output>
          </reporter-output>
        </test-method> <!-- setUp -->
        <test-method status="PASS" signature="setUp()[pri:0, instance:GmailTest@71f81512]" name="setUp" is-config="true" duration-ms="5732" started-at="2019-05-28T20:46:22Z" finished-at="2019-05-28T20:46:28Z">
          <reporter-output>
          </reporter-output>
        </test-method> <!-- setUp -->
        <test-method status="PASS" signature="setUp()[pri:0, instance:GmailTest@71f81512]" name="setUp" is-config="true" duration-ms="5200" started-at="2019-05-28T20:46:22Z" finished-at="2019-05-28T20:46:28Z">
          <reporter-output>
          </reporter-output>
        </test-method> <!-- setUp -->
        <test-method status="PASS" signature="delete3EmailsAndRevert(java.lang.String, java.lang.String)[pri:2, instance:GmailTest@71f81512]" name="delete3EmailsAndRevert" duration-ms="31868" started-at="2019-05-28T20:46:28Z" data-provider="users" finished-at="2019-05-28T20:46:59Z">
          <params>
            <param index="0">
              <value>
                <![CDATA[tt6549625]]>
              </value>
            </param>
            <param index="1">
              <value>
                <![CDATA[Qwerty123!]]>
              </value>
            </param>
          </params>
          <reporter-output>
          </reporter-output>
        </test-method> <!-- delete3EmailsAndRevert -->
        <test-method status="PASS" signature="delete3EmailsAndRevert(java.lang.String, java.lang.String)[pri:2, instance:GmailTest@71f81512]" name="delete3EmailsAndRevert" duration-ms="31318" started-at="2019-05-28T20:46:28Z" data-provider="users" finished-at="2019-05-28T20:46:59Z">
          <params>
            <param index="0">
              <value>
                <![CDATA[tt6549629]]>
              </value>
            </param>
            <param index="1">
              <value>
                <![CDATA[Qwerty123!]]>
              </value>
            </param>
          </params>
          <reporter-output>
          </reporter-output>
        </test-method> <!-- delete3EmailsAndRevert -->
        <test-method status="PASS" signature="delete3EmailsAndRevert(java.lang.String, java.lang.String)[pri:2, instance:GmailTest@71f81512]" name="delete3EmailsAndRevert" duration-ms="27794" started-at="2019-05-28T20:46:28Z" data-provider="users" finished-at="2019-05-28T20:46:56Z">
          <params>
            <param index="0">
              <value>
                <![CDATA[tt6549624]]>
              </value>
            </param>
            <param index="1">
              <value>
                <![CDATA[Qwerty123!]]>
              </value>
            </param>
          </params>
          <reporter-output>
          </reporter-output>
        </test-method> <!-- delete3EmailsAndRevert -->
        <test-method status="PASS" signature="delete3EmailsAndRevert(java.lang.String, java.lang.String)[pri:2, instance:GmailTest@71f81512]" name="delete3EmailsAndRevert" duration-ms="31567" started-at="2019-05-28T20:46:28Z" data-provider="users" finished-at="2019-05-28T20:47:00Z">
          <params>
            <param index="0">
              <value>
                <![CDATA[tt6549627]]>
              </value>
            </param>
            <param index="1">
              <value>
                <![CDATA[Qwerty123!]]>
              </value>
            </param>
          </params>
          <reporter-output>
          </reporter-output>
        </test-method> <!-- delete3EmailsAndRevert -->
        <test-method status="PASS" signature="delete3EmailsAndRevert(java.lang.String, java.lang.String)[pri:2, instance:GmailTest@71f81512]" name="delete3EmailsAndRevert" duration-ms="31357" started-at="2019-05-28T20:46:28Z" data-provider="users" finished-at="2019-05-28T20:47:00Z">
          <params>
            <param index="0">
              <value>
                <![CDATA[tt6549626]]>
              </value>
            </param>
            <param index="1">
              <value>
                <![CDATA[Qwerty123!]]>
              </value>
            </param>
          </params>
          <reporter-output>
          </reporter-output>
        </test-method> <!-- delete3EmailsAndRevert -->
        <test-method status="PASS" signature="tearDown()[pri:0, instance:GmailTest@71f81512]" name="tearDown" is-config="true" duration-ms="192" started-at="2019-05-28T20:46:56Z" finished-at="2019-05-28T20:46:56Z">
          <reporter-output>
          </reporter-output>
        </test-method> <!-- tearDown -->
        <test-method status="PASS" signature="tearDown()[pri:0, instance:GmailTest@71f81512]" name="tearDown" is-config="true" duration-ms="149" started-at="2019-05-28T20:46:59Z" finished-at="2019-05-28T20:46:59Z">
          <reporter-output>
          </reporter-output>
        </test-method> <!-- tearDown -->
        <test-method status="PASS" signature="tearDown()[pri:0, instance:GmailTest@71f81512]" name="tearDown" is-config="true" duration-ms="172" started-at="2019-05-28T20:46:59Z" finished-at="2019-05-28T20:47:00Z">
          <reporter-output>
          </reporter-output>
        </test-method> <!-- tearDown -->
        <test-method status="PASS" signature="tearDown()[pri:0, instance:GmailTest@71f81512]" name="tearDown" is-config="true" duration-ms="124" started-at="2019-05-28T20:47:00Z" finished-at="2019-05-28T20:47:00Z">
          <reporter-output>
          </reporter-output>
        </test-method> <!-- tearDown -->
        <test-method status="PASS" signature="tearDown()[pri:0, instance:GmailTest@71f81512]" name="tearDown" is-config="true" duration-ms="161" started-at="2019-05-28T20:47:00Z" finished-at="2019-05-28T20:47:00Z">
          <reporter-output>
          </reporter-output>
        </test-method> <!-- tearDown -->
      </class> <!-- GmailTest -->
    </test> <!-- Gradle test -->
  </suite> <!-- Gradle suite -->
</testng-results>
